This is pdfTeX, Version 3.1415926-1.40.10 (TeX Live 2009/Debian) (format=pdflatex 2012.3.19)  3 JUL 2012 17:18
entering extended mode
 %&-line parsing enabled.
**apostila.tex
(./apostila.tex
LaTeX2e <2009/09/24>
Babel <v3.8l> and hyphenation patterns for english, usenglishmax, dumylang, noh
yphenation, portuguese, loaded.
(/usr/share/texmf-texlive/tex/latex/base/report.cls
Document Class: report 2007/10/19 v1.4h Standard LaTeX document class
(/usr/share/texmf-texlive/tex/latex/base/size12.clo
File: size12.clo 2007/10/19 v1.4h Standard LaTeX file (size option)
)
\c@part=\count79
\c@chapter=\count80
\c@section=\count81
\c@subsection=\count82
\c@subsubsection=\count83
\c@paragraph=\count84
\c@subparagraph=\count85
\c@figure=\count86
\c@table=\count87
\abovecaptionskip=\skip41
\belowcaptionskip=\skip42
\bibindent=\dimen102
)
(/usr/share/texmf-texlive/tex/latex/base/inputenc.sty
Package: inputenc 2008/03/30 v1.1d Input encoding file
\inpenc@prehook=\toks14
\inpenc@posthook=\toks15

(/usr/share/texmf-texlive/tex/latex/base/utf8.def
File: utf8.def 2008/04/05 v1.1m UTF-8 support for inputenc
Now handling font encoding OML ...
... no UTF-8 mapping file for font encoding OML
Now handling font encoding T1 ...
... processing UTF-8 mapping file for font encoding T1

(/usr/share/texmf-texlive/tex/latex/base/t1enc.dfu
File: t1enc.dfu 2008/04/05 v1.1m UTF-8 support for inputenc
   defining Unicode char U+00A1 (decimal 161)
   defining Unicode char U+00A3 (decimal 163)
   defining Unicode char U+00AB (decimal 171)
   defining Unicode char U+00BB (decimal 187)
   defining Unicode char U+00BF (decimal 191)
   defining Unicode char U+00C0 (decimal 192)
   defining Unicode char U+00C1 (decimal 193)
   defining Unicode char U+00C2 (decimal 194)
   defining Unicode char U+00C3 (decimal 195)
   defining Unicode char U+00C4 (decimal 196)
   defining Unicode char U+00C5 (decimal 197)
   defining Unicode char U+00C6 (decimal 198)
   defining Unicode char U+00C7 (decimal 199)
   defining Unicode char U+00C8 (decimal 200)
   defining Unicode char U+00C9 (decimal 201)
   defining Unicode char U+00CA (decimal 202)
   defining Unicode char U+00CB (decimal 203)
   defining Unicode char U+00CC (decimal 204)
   defining Unicode char U+00CD (decimal 205)
   defining Unicode char U+00CE (decimal 206)
   defining Unicode char U+00CF (decimal 207)
   defining Unicode char U+00D0 (decimal 208)
   defining Unicode char U+00D1 (decimal 209)
   defining Unicode char U+00D2 (decimal 210)
   defining Unicode char U+00D3 (decimal 211)
   defining Unicode char U+00D4 (decimal 212)
   defining Unicode char U+00D5 (decimal 213)
   defining Unicode char U+00D6 (decimal 214)
   defining Unicode char U+00D8 (decimal 216)
   defining Unicode char U+00D9 (decimal 217)
   defining Unicode char U+00DA (decimal 218)
   defining Unicode char U+00DB (decimal 219)
   defining Unicode char U+00DC (decimal 220)
   defining Unicode char U+00DD (decimal 221)
   defining Unicode char U+00DE (decimal 222)
   defining Unicode char U+00DF (decimal 223)
   defining Unicode char U+00E0 (decimal 224)
   defining Unicode char U+00E1 (decimal 225)
   defining Unicode char U+00E2 (decimal 226)
   defining Unicode char U+00E3 (decimal 227)
   defining Unicode char U+00E4 (decimal 228)
   defining Unicode char U+00E5 (decimal 229)
   defining Unicode char U+00E6 (decimal 230)
   defining Unicode char U+00E7 (decimal 231)
   defining Unicode char U+00E8 (decimal 232)
   defining Unicode char U+00E9 (decimal 233)
   defining Unicode char U+00EA (decimal 234)
   defining Unicode char U+00EB (decimal 235)
   defining Unicode char U+00EC (decimal 236)
   defining Unicode char U+00ED (decimal 237)
   defining Unicode char U+00EE (decimal 238)
   defining Unicode char U+00EF (decimal 239)
   defining Unicode char U+00F0 (decimal 240)
   defining Unicode char U+00F1 (decimal 241)
   defining Unicode char U+00F2 (decimal 242)
   defining Unicode char U+00F3 (decimal 243)
   defining Unicode char U+00F4 (decimal 244)
   defining Unicode char U+00F5 (decimal 245)
   defining Unicode char U+00F6 (decimal 246)
   defining Unicode char U+00F8 (decimal 248)
   defining Unicode char U+00F9 (decimal 249)
   defining Unicode char U+00FA (decimal 250)
   defining Unicode char U+00FB (decimal 251)
   defining Unicode char U+00FC (decimal 252)
   defining Unicode char U+00FD (decimal 253)
   defining Unicode char U+00FE (decimal 254)
   defining Unicode char U+00FF (decimal 255)
   defining Unicode char U+0102 (decimal 258)
   defining Unicode char U+0103 (decimal 259)
   defining Unicode char U+0104 (decimal 260)
   defining Unicode char U+0105 (decimal 261)
   defining Unicode char U+0106 (decimal 262)
   defining Unicode char U+0107 (decimal 263)
   defining Unicode char U+010C (decimal 268)
   defining Unicode char U+010D (decimal 269)
   defining Unicode char U+010E (decimal 270)
   defining Unicode char U+010F (decimal 271)
   defining Unicode char U+0110 (decimal 272)
   defining Unicode char U+0111 (decimal 273)
   defining Unicode char U+0118 (decimal 280)
   defining Unicode char U+0119 (decimal 281)
   defining Unicode char U+011A (decimal 282)
   defining Unicode char U+011B (decimal 283)
   defining Unicode char U+011E (decimal 286)
   defining Unicode char U+011F (decimal 287)
   defining Unicode char U+0130 (decimal 304)
   defining Unicode char U+0131 (decimal 305)
   defining Unicode char U+0132 (decimal 306)
   defining Unicode char U+0133 (decimal 307)
   defining Unicode char U+0139 (decimal 313)
   defining Unicode char U+013A (decimal 314)
   defining Unicode char U+013D (decimal 317)
   defining Unicode char U+013E (decimal 318)
   defining Unicode char U+0141 (decimal 321)
   defining Unicode char U+0142 (decimal 322)
   defining Unicode char U+0143 (decimal 323)
   defining Unicode char U+0144 (decimal 324)
   defining Unicode char U+0147 (decimal 327)
   defining Unicode char U+0148 (decimal 328)
   defining Unicode char U+014A (decimal 330)
   defining Unicode char U+014B (decimal 331)
   defining Unicode char U+0150 (decimal 336)
   defining Unicode char U+0151 (decimal 337)
   defining Unicode char U+0152 (decimal 338)
   defining Unicode char U+0153 (decimal 339)
   defining Unicode char U+0154 (decimal 340)
   defining Unicode char U+0155 (decimal 341)
   defining Unicode char U+0158 (decimal 344)
   defining Unicode char U+0159 (decimal 345)
   defining Unicode char U+015A (decimal 346)
   defining Unicode char U+015B (decimal 347)
   defining Unicode char U+015E (decimal 350)
   defining Unicode char U+015F (decimal 351)
   defining Unicode char U+0160 (decimal 352)
   defining Unicode char U+0161 (decimal 353)
   defining Unicode char U+0162 (decimal 354)
   defining Unicode char U+0163 (decimal 355)
   defining Unicode char U+0164 (decimal 356)
   defining Unicode char U+0165 (decimal 357)
   defining Unicode char U+016E (decimal 366)
   defining Unicode char U+016F (decimal 367)
   defining Unicode char U+0170 (decimal 368)
   defining Unicode char U+0171 (decimal 369)
   defining Unicode char U+0178 (decimal 376)
   defining Unicode char U+0179 (decimal 377)
   defining Unicode char U+017A (decimal 378)
   defining Unicode char U+017B (decimal 379)
   defining Unicode char U+017C (decimal 380)
   defining Unicode char U+017D (decimal 381)
   defining Unicode char U+017E (decimal 382)
   defining Unicode char U+200C (decimal 8204)
   defining Unicode char U+2013 (decimal 8211)
   defining Unicode char U+2014 (decimal 8212)
   defining Unicode char U+2018 (decimal 8216)
   defining Unicode char U+2019 (decimal 8217)
   defining Unicode char U+201A (decimal 8218)
   defining Unicode char U+201C (decimal 8220)
   defining Unicode char U+201D (decimal 8221)
   defining Unicode char U+201E (decimal 8222)
   defining Unicode char U+2030 (decimal 8240)
   defining Unicode char U+2031 (decimal 8241)
   defining Unicode char U+2039 (decimal 8249)
   defining Unicode char U+203A (decimal 8250)
   defining Unicode char U+2423 (decimal 9251)
)
Now handling font encoding OT1 ...
... processing UTF-8 mapping file for font encoding OT1

(/usr/share/texmf-texlive/tex/latex/base/ot1enc.dfu
File: ot1enc.dfu 2008/04/05 v1.1m UTF-8 support for inputenc
   defining Unicode char U+00A1 (decimal 161)
   defining Unicode char U+00A3 (decimal 163)
   defining Unicode char U+00B8 (decimal 184)
   defining Unicode char U+00BF (decimal 191)
   defining Unicode char U+00C5 (decimal 197)
   defining Unicode char U+00C6 (decimal 198)
   defining Unicode char U+00D8 (decimal 216)
   defining Unicode char U+00DF (decimal 223)
   defining Unicode char U+00E6 (decimal 230)
   defining Unicode char U+00EC (decimal 236)
   defining Unicode char U+00ED (decimal 237)
   defining Unicode char U+00EE (decimal 238)
   defining Unicode char U+00EF (decimal 239)
   defining Unicode char U+00F8 (decimal 248)
   defining Unicode char U+0131 (decimal 305)
   defining Unicode char U+0141 (decimal 321)
   defining Unicode char U+0142 (decimal 322)
   defining Unicode char U+0152 (decimal 338)
   defining Unicode char U+0153 (decimal 339)
   defining Unicode char U+2013 (decimal 8211)
   defining Unicode char U+2014 (decimal 8212)
   defining Unicode char U+2018 (decimal 8216)
   defining Unicode char U+2019 (decimal 8217)
   defining Unicode char U+201C (decimal 8220)
   defining Unicode char U+201D (decimal 8221)
)
Now handling font encoding OMS ...
... processing UTF-8 mapping file for font encoding OMS

(/usr/share/texmf-texlive/tex/latex/base/omsenc.dfu
File: omsenc.dfu 2008/04/05 v1.1m UTF-8 support for inputenc
   defining Unicode char U+00A7 (decimal 167)
   defining Unicode char U+00B6 (decimal 182)
   defining Unicode char U+00B7 (decimal 183)
   defining Unicode char U+2020 (decimal 8224)
   defining Unicode char U+2021 (decimal 8225)
   defining Unicode char U+2022 (decimal 8226)
)
Now handling font encoding OMX ...
... no UTF-8 mapping file for font encoding OMX
Now handling font encoding U ...
... no UTF-8 mapping file for font encoding U
   defining Unicode char U+00A9 (decimal 169)
   defining Unicode char U+00AA (decimal 170)
   defining Unicode char U+00AE (decimal 174)
   defining Unicode char U+00BA (decimal 186)
   defining Unicode char U+02C6 (decimal 710)
   defining Unicode char U+02DC (decimal 732)
   defining Unicode char U+200C (decimal 8204)
   defining Unicode char U+2026 (decimal 8230)
   defining Unicode char U+2122 (decimal 8482)
   defining Unicode char U+2423 (decimal 9251)
))
(/usr/share/texmf-texlive/tex/generic/babel/babel.sty
Package: babel 2008/07/06 v3.8l The Babel package

(/usr/share/texmf-texlive/tex/generic/babel/english.ldf
Language: english 2005/03/30 v3.3o English support from the babel system

(/usr/share/texmf-texlive/tex/generic/babel/babel.def
File: babel.def 2008/07/06 v3.8l Babel common definitions
\babel@savecnt=\count88
\U@D=\dimen103
)
\l@british = a dialect from \language\l@english 
\l@UKenglish = a dialect from \language\l@english 
\l@canadian = a dialect from \language\l@american 
\l@australian = a dialect from \language\l@british 
\l@newzealand = a dialect from \language\l@british 
)
(/usr/share/texmf-texlive/tex/generic/babel/portuges.ldf
Language: portuges 2008/03/18 v1.2q Portuguese support from the babel system
\l@brazil = a dialect from \language\l@portuges 
Package babel Info: Making " an active character on input line 145.
))
(/usr/share/texmf-texlive/tex/latex/tools/indentfirst.sty
Package: indentfirst 1995/11/23 v1.03 Indent first paragraph (DPC)
)
(/usr/share/texmf-texlive/tex/latex/base/makeidx.sty
Package: makeidx 2000/03/29 v1.0m Standard LaTeX package
)
(/usr/share/texmf-texlive/tex/latex/graphics/graphicx.sty
Package: graphicx 1999/02/16 v1.0f Enhanced LaTeX Graphics (DPC,SPQR)

(/usr/share/texmf-texlive/tex/latex/graphics/keyval.sty
Package: keyval 1999/03/16 v1.13 key=value parser (DPC)
\KV@toks@=\toks16
)
(/usr/share/texmf-texlive/tex/latex/graphics/graphics.sty
Package: graphics 2009/02/05 v1.0o Standard LaTeX Graphics (DPC,SPQR)

(/usr/share/texmf-texlive/tex/latex/graphics/trig.sty
Package: trig 1999/03/16 v1.09 sin cos tan (DPC)
)
(/etc/texmf/tex/latex/config/graphics.cfg
File: graphics.cfg 2009/08/28 v1.8 graphics configuration of TeX Live
)
Package graphics Info: Driver file: pdftex.def on input line 91.

(/usr/share/texmf-texlive/tex/latex/pdftex-def/pdftex.def
File: pdftex.def 2010/03/12 v0.04p Graphics/color for pdfTeX
\Gread@gobject=\count89
))
\Gin@req@height=\dimen104
\Gin@req@width=\dimen105
)
(/usr/share/texmf-texlive/tex/latex/geometry/geometry.sty
Package: geometry 2008/12/21 v4.2 Page Geometry

(/usr/share/texmf-texlive/tex/generic/oberdiek/ifpdf.sty
Package: ifpdf 2009/04/10 v2.0 Provides the ifpdf switch (HO)
Package ifpdf Info: pdfTeX in pdf mode detected.
)
(/usr/share/texmf-texlive/tex/generic/oberdiek/ifvtex.sty
Package: ifvtex 2008/11/04 v1.4 Switches for detecting VTeX and its modes (HO)
Package ifvtex Info: VTeX not detected.
)
\Gm@cnth=\count90
\Gm@cntv=\count91
\c@Gm@tempcnt=\count92
\Gm@bindingoffset=\dimen106
\Gm@wd@mp=\dimen107
\Gm@odd@mp=\dimen108
\Gm@even@mp=\dimen109
\Gm@dimlist=\toks17
)
(/usr/share/texmf-texlive/tex/latex/base/fontenc.sty
Package: fontenc 2005/09/27 v1.99g Standard LaTeX package

(/usr/share/texmf-texlive/tex/latex/base/t1enc.def
File: t1enc.def 2005/09/27 v1.99g Standard LaTeX file
LaTeX Font Info:    Redeclaring font encoding T1 on input line 43.
)) (./pacotes/algorithm.sty

LaTeX Warning: You have requested package `pacotes/algorithm',
               but the package provides `algorithm'.

Package: algorithm 
Document Style `algorithm' - floating environment
(/usr/share/texmf-texlive/tex/latex/float/float.sty
Package: float 2001/11/08 v1.3d Float enhancements (AL)
\c@float@type=\count93
\float@exts=\toks18
\float@box=\box26
\@float@everytoks=\toks19
\@floatcapt=\box27
)
(/usr/share/texmf-texlive/tex/latex/base/ifthen.sty
Package: ifthen 2001/05/26 v1.1c Standard LaTeX ifthen package (DPC)
)
\@float@every@algorithm=\toks20
\c@algorithm=\count94
)
(./pacotes/algorithmic.sty

LaTeX Warning: You have requested package `pacotes/algorithmic',
               but the package provides `algorithmic'.

Package: algorithmic 
Document Style `algorithmic' - environment
(/usr/share/texmf-texlive/tex/latex/tools/calc.sty
Package: calc 2007/08/22 v4.3 Infix arithmetic (KKT,FJ)
\calc@Acount=\count95
\calc@Bcount=\count96
\calc@Adimen=\dimen110
\calc@Bdimen=\dimen111
\calc@Askip=\skip43
\calc@Bskip=\skip44
LaTeX Info: Redefining \setlength on input line 76.
LaTeX Info: Redefining \addtolength on input line 77.
\calc@Ccount=\count97
\calc@Cskip=\skip45
)
\c@ALC@line=\count98
\c@ALC@rem=\count99
\ALC@tlm=\skip46
) (./pacotes/ambientes.sty
\c@example=\count100
\c@definicao=\count101
)
(./pacotes/comandos.sty) (/usr/share/texmf-texlive/tex/latex/tools/tabularx.sty
Package: tabularx 1999/01/07 v2.07 `tabularx' package (DPC)
(/usr/share/texmf-texlive/tex/latex/tools/array.sty
Package: array 2008/09/09 v2.4c Tabular extension package (FMi)
\col@sep=\dimen112
\extrarowheight=\dimen113
\NC@list=\toks21
\extratabsurround=\skip47
\backup@length=\skip48
)
\TX@col@width=\dimen114
\TX@old@table=\dimen115
\TX@old@col=\dimen116
\TX@target=\dimen117
\TX@delta=\dimen118
\TX@cols=\count102
\TX@ftn=\toks22
)
(/usr/share/texmf-texlive/tex/latex/txfonts/txfonts.sty
Package: txfonts 2008/01/22 v3.2.1
LaTeX Font Info:    Redeclaring symbol font `operators' on input line 21.
LaTeX Font Info:    Overwriting symbol font `operators' in version `normal'
(Font)                  OT1/cmr/m/n --> OT1/txr/m/n on input line 21.
LaTeX Font Info:    Overwriting symbol font `operators' in version `bold'
(Font)                  OT1/cmr/bx/n --> OT1/txr/m/n on input line 21.
LaTeX Font Info:    Overwriting symbol font `operators' in version `bold'
(Font)                  OT1/txr/m/n --> OT1/txr/bx/n on input line 22.
\symitalic=\mathgroup4
LaTeX Font Info:    Overwriting symbol font `italic' in version `bold'
(Font)                  OT1/txr/m/it --> OT1/txr/bx/it on input line 26.
LaTeX Font Info:    Redeclaring math alphabet \mathbf on input line 29.
LaTeX Font Info:    Overwriting math alphabet `\mathbf' in version `normal'
(Font)                  OT1/cmr/bx/n --> OT1/txr/bx/n on input line 29.
LaTeX Font Info:    Overwriting math alphabet `\mathbf' in version `bold'
(Font)                  OT1/cmr/bx/n --> OT1/txr/bx/n on input line 29.
LaTeX Font Info:    Redeclaring math alphabet \mathit on input line 30.
LaTeX Font Info:    Overwriting math alphabet `\mathit' in version `normal'
(Font)                  OT1/cmr/m/it --> OT1/txr/m/it on input line 30.
LaTeX Font Info:    Overwriting math alphabet `\mathit' in version `bold'
(Font)                  OT1/cmr/bx/it --> OT1/txr/m/it on input line 30.
LaTeX Font Info:    Overwriting math alphabet `\mathit' in version `bold'
(Font)                  OT1/txr/m/it --> OT1/txr/bx/it on input line 31.
LaTeX Font Info:    Redeclaring math alphabet \mathsf on input line 40.
LaTeX Font Info:    Overwriting math alphabet `\mathsf' in version `normal'
(Font)                  OT1/cmss/m/n --> OT1/txss/m/n on input line 40.
LaTeX Font Info:    Overwriting math alphabet `\mathsf' in version `bold'
(Font)                  OT1/cmss/bx/n --> OT1/txss/m/n on input line 40.
LaTeX Font Info:    Overwriting math alphabet `\mathsf' in version `bold'
(Font)                  OT1/txss/m/n --> OT1/txss/b/n on input line 41.
LaTeX Font Info:    Redeclaring math alphabet \mathtt on input line 50.
LaTeX Font Info:    Overwriting math alphabet `\mathtt' in version `normal'
(Font)                  OT1/cmtt/m/n --> OT1/txtt/m/n on input line 50.
LaTeX Font Info:    Overwriting math alphabet `\mathtt' in version `bold'
(Font)                  OT1/cmtt/m/n --> OT1/txtt/m/n on input line 50.
LaTeX Font Info:    Overwriting math alphabet `\mathtt' in version `bold'
(Font)                  OT1/txtt/m/n --> OT1/txtt/b/n on input line 51.
LaTeX Font Info:    Redeclaring symbol font `letters' on input line 58.
LaTeX Font Info:    Overwriting symbol font `letters' in version `normal'
(Font)                  OML/cmm/m/it --> OML/txmi/m/it on input line 58.
LaTeX Font Info:    Overwriting symbol font `letters' in version `bold'
(Font)                  OML/cmm/b/it --> OML/txmi/m/it on input line 58.
LaTeX Font Info:    Overwriting symbol font `letters' in version `bold'
(Font)                  OML/txmi/m/it --> OML/txmi/bx/it on input line 59.
\symlettersA=\mathgroup5
LaTeX Font Info:    Overwriting symbol font `lettersA' in version `bold'
(Font)                  U/txmia/m/it --> U/txmia/bx/it on input line 67.
LaTeX Font Info:    Redeclaring symbol font `symbols' on input line 77.
LaTeX Font Info:    Overwriting symbol font `symbols' in version `normal'
(Font)                  OMS/cmsy/m/n --> OMS/txsy/m/n on input line 77.
LaTeX Font Info:    Overwriting symbol font `symbols' in version `bold'
(Font)                  OMS/cmsy/b/n --> OMS/txsy/m/n on input line 77.
LaTeX Font Info:    Overwriting symbol font `symbols' in version `bold'
(Font)                  OMS/txsy/m/n --> OMS/txsy/bx/n on input line 78.
\symAMSa=\mathgroup6
LaTeX Font Info:    Overwriting symbol font `AMSa' in version `bold'
(Font)                  U/txsya/m/n --> U/txsya/bx/n on input line 94.
\symAMSb=\mathgroup7
LaTeX Font Info:    Overwriting symbol font `AMSb' in version `bold'
(Font)                  U/txsyb/m/n --> U/txsyb/bx/n on input line 103.
\symsymbolsC=\mathgroup8
LaTeX Font Info:    Overwriting symbol font `symbolsC' in version `bold'
(Font)                  U/txsyc/m/n --> U/txsyc/bx/n on input line 113.
LaTeX Font Info:    Redeclaring symbol font `largesymbols' on input line 120.
LaTeX Font Info:    Overwriting symbol font `largesymbols' in version `normal'
(Font)                  OMX/cmex/m/n --> OMX/txex/m/n on input line 120.
LaTeX Font Info:    Overwriting symbol font `largesymbols' in version `bold'
(Font)                  OMX/cmex/m/n --> OMX/txex/m/n on input line 120.
LaTeX Font Info:    Overwriting symbol font `largesymbols' in version `bold'
(Font)                  OMX/txex/m/n --> OMX/txex/bx/n on input line 121.
\symlargesymbolsA=\mathgroup9
LaTeX Font Info:    Overwriting symbol font `largesymbolsA' in version `bold'
(Font)                  U/txexa/m/n --> U/txexa/bx/n on input line 129.
LaTeX Info: Redefining \not on input line 1043.
)
\@indexfile=\write3
\openout3 = `apostila.idx'.


Writing index file apostila.idx
(./apostila.aux

LaTeX Warning: Label `fig:regra_trapezio2' multiply defined.


LaTeX Warning: Label `cap2:sec5:tab1' multiply defined.


LaTeX Warning: Label `cap2:sec5:tab1' multiply defined.


LaTeX Warning: Label `cap2:sec6:eq1' multiply defined.


LaTeX Warning: Label `cap2:sec6:eq2' multiply defined.


LaTeX Warning: Label `cap2:sec8:eq1' multiply defined.


LaTeX Warning: Label `cap2:sec8:eq2' multiply defined.


LaTeX Warning: Label `cap2:sec8:eq3' multiply defined.


LaTeX Warning: Label `cap2:sec6:tab3' multiply defined.


LaTeX Warning: Label `cap5:sec3:eq9' multiply defined.


LaTeX Warning: Label `fig:intro1' multiply defined.


LaTeX Warning: Label `fig:intro2' multiply defined.


LaTeX Warning: Label `cap6:sec1:eq23' multiply defined.


LaTeX Warning: Label `cap6:sec5:eq2' multiply defined.


LaTeX Warning: Label `cap6:sec5:eq3' multiply defined.


LaTeX Warning: Label `cap6:sec5:eq4' multiply defined.

)
\openout1 = `apostila.aux'.

LaTeX Font Info:    Checking defaults for OML/txmi/m/it on input line 92.
LaTeX Font Info:    Try loading font information for OML+txmi on input line 92.

 (/usr/share/texmf-texlive/tex/latex/txfonts/omltxmi.fd
File: omltxmi.fd 2000/12/15 v3.1
)
LaTeX Font Info:    ... okay on input line 92.
LaTeX Font Info:    Checking defaults for T1/cmr/m/n on input line 92.
LaTeX Font Info:    ... okay on input line 92.
LaTeX Font Info:    Checking defaults for OT1/cmr/m/n on input line 92.
LaTeX Font Info:    ... okay on input line 92.
LaTeX Font Info:    Checking defaults for OMS/txsy/m/n on input line 92.
LaTeX Font Info:    Try loading font information for OMS+txsy on input line 92.


(/usr/share/texmf-texlive/tex/latex/txfonts/omstxsy.fd
File: omstxsy.fd 2000/12/15 v3.1
)
LaTeX Font Info:    ... okay on input line 92.
LaTeX Font Info:    Checking defaults for OMX/txex/m/n on input line 92.
LaTeX Font Info:    Try loading font information for OMX+txex on input line 92.


(/usr/share/texmf-texlive/tex/latex/txfonts/omxtxex.fd
File: omxtxex.fd 2000/12/15 v3.1
)
LaTeX Font Info:    ... okay on input line 92.
LaTeX Font Info:    Checking defaults for U/txexa/m/n on input line 92.
LaTeX Font Info:    Try loading font information for U+txexa on input line 92.

(/usr/share/texmf-texlive/tex/latex/txfonts/utxexa.fd
File: utxexa.fd 2000/12/15 v3.1
)
LaTeX Font Info:    ... okay on input line 92.
LaTeX Font Info:    Try loading font information for T1+txr on input line 92.

(/usr/share/texmf-texlive/tex/latex/txfonts/t1txr.fd
File: t1txr.fd 2000/12/15 v3.1
)
(/usr/share/texmf-texlive/tex/context/base/supp-pdf.mkii
[Loading MPS to PDF converter (version 2006.09.02).]
\scratchcounter=\count103
\scratchdimen=\dimen119
\scratchbox=\box28
\nofMPsegments=\count104
\nofMParguments=\count105
\everyMPshowfont=\toks23
\MPscratchCnt=\count106
\MPscratchDim=\dimen120
\MPnumerator=\count107
\everyMPtoPDFconversion=\toks24
)
*geometry detected driver: pdftex*
-------------------- Geometry parameters
paper: a4paper
landscape: --
twocolumn: --
twoside: --
asymmetric: --
h-parts: 72.26999pt, 452.9679pt, 72.26999pt
v-parts: 72.26999pt, 700.50687pt, 72.26999pt
hmarginratio: --
vmarginratio: --
lines: --
heightrounded: --
bindingoffset: 0.0pt
truedimen: --
includehead: --
includefoot: --
includemp: --
driver: pdftex
-------------------- Page layout dimensions and switches
\paperwidth  597.50787pt
\paperheight 845.04684pt
\textwidth  452.9679pt
\textheight 700.50687pt
\oddsidemargin  0.0pt
\evensidemargin 0.0pt
\topmargin  -37.0pt
\headheight 12.0pt
\headsep    25.0pt
\footskip   30.0pt
\marginparwidth 35.0pt
\marginparsep   10.0pt
\columnsep  10.0pt
\skip\footins  10.8pt plus 4.0pt minus 2.0pt
\hoffset 0.0pt
\voffset 0.0pt
\mag 1000

(1in=72.27pt, 1cm=28.45pt)
-----------------------
LaTeX Font Info:    Try loading font information for OT1+txr on input line 94.
(/usr/share/texmf-texlive/tex/latex/txfonts/ot1txr.fd
File: ot1txr.fd 2000/12/15 v3.1
)
LaTeX Font Info:    Try loading font information for U+txmia on input line 94.

(/usr/share/texmf-texlive/tex/latex/txfonts/utxmia.fd
File: utxmia.fd 2000/12/15 v3.1
)
LaTeX Font Info:    Try loading font information for U+txsya on input line 94.

(/usr/share/texmf-texlive/tex/latex/txfonts/utxsya.fd
File: utxsya.fd 2000/12/15 v3.1
)
LaTeX Font Info:    Try loading font information for U+txsyb on input line 94.

(/usr/share/texmf-texlive/tex/latex/txfonts/utxsyb.fd
File: utxsyb.fd 2000/12/15 v3.1
)
LaTeX Font Info:    Try loading font information for U+txsyc on input line 94.

(/usr/share/texmf-texlive/tex/latex/txfonts/utxsyc.fd
File: utxsyc.fd 2000/12/15 v3.1
)
LaTeX Font Info:    Try loading font information for T1+txtt on input line 94.

(/usr/share/texmf-texlive/tex/latex/txfonts/t1txtt.fd
File: t1txtt.fd 2000/12/15 v3.1
) [1

{/var/lib/texmf/fonts/map/pdftex/updmap/pdftex.map}] [1] [1] (./apostila.toc [1

] [2])
\tf@toc=\write4
\openout4 = `apostila.toc'.

 [3]
(./capitulos/capitulo1/capitulo1.tex
Cap\'{\i }tulo 1.
(./capitulos/capitulo1/secao1.tex
LaTeX Font Info:    Try loading font information for OMS+txr on input line 6.

(/usr/share/texmf-texlive/tex/latex/txfonts/omstxr.fd
File: omstxr.fd 2000/12/15 v3.1
)
LaTeX Font Info:    Font shape `OMS/txr/m/n' in size <12> not available
(Font)              Font shape `OMS/txsy/m/n' tried instead on input line 6.
)
(./capitulos/capitulo1/secao2.tex
<capitulos/capitulo1/figuras/bissecao1.pdf, id=26, 302.76463pt x 168.64877pt>
File: capitulos/capitulo1/figuras/bissecao1.pdf Graphic file (type pdf)

<use capitulos/capitulo1/figuras/bissecao1.pdf> [4


] [5]
LaTeX Font Info:    Try loading font information for T1+txss on input line 104.


(/usr/share/texmf-texlive/tex/latex/txfonts/t1txss.fd
File: t1txss.fd 2000/12/15 v3.1
)
LaTeX Font Info:    Font shape `T1/txss/m/n' will be
(Font)              scaled to size 11.39996pt on input line 104.
LaTeX Font Info:    Font shape `OMS/txr/m/it' in size <12> not available
(Font)              Font shape `OMS/txsy/m/n' tried instead on input line 107.

<capitulos/capitulo1/figuras/bissecao2-eps-converted-to.pdf, id=37, 320.19624pt
 x 157.58875pt>
File: capitulos/capitulo1/figuras/bissecao2-eps-converted-to.pdf Graphic file (
type pdf)

<use capitulos/capitulo1/figuras/bissecao2-eps-converted-to.pdf>
<capitulos/capitulo1/figuras/bissecao3-eps-converted-to.pdf, id=38, 320.19624pt
 x 152.57pt>
File: capitulos/capitulo1/figuras/bissecao3-eps-converted-to.pdf Graphic file (
type pdf)
 <use capitulos/capitulo1/figuras/bissecao3-eps-converted-to.pdf>
<capitulos/capitulo1/figuras/bissecao4-eps-converted-to.pdf, id=39, 320.19624pt
 x 184.69pt>
File: capitulos/capitulo1/figuras/bissecao4-eps-converted-to.pdf Graphic file (
type pdf)
 <use capitulos/capitulo1/figuras/bissecao4-eps-converted-to.pdf>
[6 <./capitulos/capitulo1/figuras/bissecao1.pdf>] [7 <./capitulos/capitulo1/fig
uras/bissecao2-eps-converted-to.pdf> <./capitulos/capitulo1/figuras/bissecao3-e
ps-converted-to.pdf>]) (./capitulos/capitulo1/secao3.tex
<capitulos/capitulo1/figuras/posicaofalsa1-eps-converted-to.pdf, id=62, 325.215
pt x 201.75375pt>
File: capitulos/capitulo1/figuras/posicaofalsa1-eps-converted-to.pdf Graphic fi
le (type pdf)

<use capitulos/capitulo1/figuras/posicaofalsa1-eps-converted-to.pdf>
<capitulos/capitulo1/figuras/posicaofalsa2-eps-converted-to.pdf, id=63, 323.207
5pt x 163.61125pt>
File: capitulos/capitulo1/figuras/posicaofalsa2-eps-converted-to.pdf Graphic fi
le (type pdf)

<use capitulos/capitulo1/figuras/posicaofalsa2-eps-converted-to.pdf> [8 <./capi
tulos/capitulo1/figuras/bissecao4-eps-converted-to.pdf> <./capitulos/capitulo1/
figuras/posicaofalsa1-eps-converted-to.pdf>]
<capitulos/capitulo1/figuras/posicaofalsamodificado1-eps-converted-to.pdf, id=7
3, 320.19624pt x 171.64125pt>
File: capitulos/capitulo1/figuras/posicaofalsamodificado1-eps-converted-to.pdf 
Graphic file (type pdf)

<use capitulos/capitulo1/figuras/posicaofalsamodificado1-eps-converted-to.pdf>)
(./capitulos/capitulo1/secao4.tex [9 <./capitulos/capitulo1/figuras/posicaofals
a2-eps-converted-to.pdf> <./capitulos/capitulo1/figuras/posicaofalsamodificado1
-eps-converted-to.pdf>]
<capitulos/capitulo1/figuras/newton1-eps-converted-to.pdf, id=83, 480.79625pt x
 157.58875pt>
File: capitulos/capitulo1/figuras/newton1-eps-converted-to.pdf Graphic file (ty
pe pdf)
 <use capitulos/capitulo1/figuras/newton1-eps-converted-to.pdf>
[10 <./capitulos/capitulo1/figuras/newton1-eps-converted-to.pdf>] [11]
<capitulos/capitulo1/figuras/newton2-eps-converted-to.pdf, id=94, 317.185pt x 2
23.83624pt>
File: capitulos/capitulo1/figuras/newton2-eps-converted-to.pdf Graphic file (ty
pe pdf)
 <use capitulos/capitulo1/figuras/newton2-eps-converted-to.pdf>
[12 <./capitulos/capitulo1/figuras/newton2-eps-converted-to.pdf>])
(./capitulos/capitulo1/secao5.tex [13]
<capitulos/capitulo1/figuras/secante1-eps-converted-to.pdf, id=104, 320.19624pt
 x 176.66pt>
File: capitulos/capitulo1/figuras/secante1-eps-converted-to.pdf Graphic file (t
ype pdf)
 <use capitulos/capitulo1/figuras/secante1-eps-converted-to.pdf>)
(./capitulos/capitulo1/secao6.tex [14 <./capitulos/capitulo1/figuras/secante1-e
ps-converted-to.pdf>]
<capitulos/capitulo1/figuras/substituicoes1-eps-converted-to.pdf, id=111, 202.7
575pt x 178.6675pt>
File: capitulos/capitulo1/figuras/substituicoes1-eps-converted-to.pdf Graphic f
ile (type pdf)

<use capitulos/capitulo1/figuras/substituicoes1-eps-converted-to.pdf>
<capitulos/capitulo1/figuras/substituicoes2-eps-converted-to.pdf, id=112, 153.5
7375pt x 178.6675pt>
File: capitulos/capitulo1/figuras/substituicoes2-eps-converted-to.pdf Graphic f
ile (type pdf)

<use capitulos/capitulo1/figuras/substituicoes2-eps-converted-to.pdf>
<capitulos/capitulo1/figuras/substituicoes3-eps-converted-to.pdf, id=113, 153.5
7375pt x 181.67876pt>
File: capitulos/capitulo1/figuras/substituicoes3-eps-converted-to.pdf Graphic f
ile (type pdf)

<use capitulos/capitulo1/figuras/substituicoes3-eps-converted-to.pdf>
<capitulos/capitulo1/figuras/substituicoes4-eps-converted-to.pdf, id=114, 153.5
7375pt x 177.66376pt>
File: capitulos/capitulo1/figuras/substituicoes4-eps-converted-to.pdf Graphic f
ile (type pdf)

<use capitulos/capitulo1/figuras/substituicoes4-eps-converted-to.pdf> [15 <./ca
pitulos/capitulo1/figuras/substituicoes1-eps-converted-to.pdf> <./capitulos/cap
itulo1/figuras/substituicoes2-eps-converted-to.pdf> <./capitulos/capitulo1/figu
ras/substituicoes3-eps-converted-to.pdf> <./capitulos/capitulo1/figuras/substit
uicoes4-eps-converted-to.pdf>] [16] [17]) (./capitulos/capitulo1/secao7.tex
[18]
Underfull \hbox (badness 10000) in paragraph at lines 92--97

 []


Underfull \hbox (badness 10000) in paragraph at lines 92--97

 []

[19] [20])) (./capitulos/capitulo2/capitulo2.tex [21]
Cap\'{\i }tulo 2.
(./capitulos/capitulo2/secao1.tex
<capitulos/capitulo2/figuras/intro1.png, id=149, 319.594pt x 151.767pt>
File: capitulos/capitulo2/figuras/intro1.png Graphic file (type png)

<use capitulos/capitulo2/figuras/intro1.png>
<capitulos/capitulo2/figuras/intro2.png, id=151, 305.14pt x 185.493pt>
File: capitulos/capitulo2/figuras/intro2.png Graphic file (type png)

<use capitulos/capitulo2/figuras/intro2.png> [22

 <./capitulos/capitulo2/figuras/intro1.png>]) (./capitulos/capitulo2/secao2.tex

<capitulos/capitulo2/figuras/regra_trapezio1.png, id=157, 266.596pt x 146.146pt
>
File: capitulos/capitulo2/figuras/regra_trapezio1.png Graphic file (type png)
 <use capitulos/capitulo2/figuras/regra_trapezio1.png>
Overfull \hbox (14.10779pt too wide) in paragraph at lines 6--7
[][] 
 []


Overfull \hbox (28.05351pt too wide) detected at line 14
[]\OML/txmi/m/it/12 I \OT1/txr/m/n/12 = [][]  \OML/txmi/m/it/12 f \OT1/txr/m/n/
12 (\OML/txmi/m/it/12 x\OT1/txr/m/n/12 ) \OML/txmi/m/it/12 dx \OT1/txr/m/n/12 =
 [] [\OML/txmi/m/it/12 f \OT1/txr/m/n/12 (\OML/txmi/m/it/12 a\OT1/txr/m/n/12 ) 
+ \OML/txmi/m/it/12 f \OT1/txr/m/n/12 (\OML/txmi/m/it/12 b\OT1/txr/m/n/12 )] + 
\OML/txmi/m/it/12 E
 []

[23 <./capitulos/capitulo2/figuras/intro2.png> <./capitulos/capitulo2/figuras/r
egra_trapezio1.png>] [24]
<capitulos/capitulo2/figuras/regra_trapezio2.png, id=167, 207.174pt x 148.555pt
>
File: capitulos/capitulo2/figuras/regra_trapezio2.png Graphic file (type png)
 <use capitulos/capitulo2/figuras/regra_trapezio2.png>
Overfull \hbox (8.58113pt too wide) detected at line 106
[]
 []


<capitulos/capitulo2/figuras/regra_trapezio3.png, id=168, 217.613pt x 114.829pt
>
File: capitulos/capitulo2/figuras/regra_trapezio3.png Graphic file (type png)
 <use capitulos/capitulo2/figuras/regra_trapezio3.png> [25 <./capitulos/capitul
o2/figuras/regra_trapezio2.png> <./capitulos/capitulo2/figuras/regra_trapezio3.
png>]) (./capitulos/capitulo2/secao3.tex [26])
(./capitulos/capitulo2/secao4.tex
Overfull \hbox (17.04866pt too wide) in paragraph at lines 3--4
[]\T1/txr/m/n/12 Suponha que $\OML/txmi/m/it/12 I[]$ \T1/txr/m/n/12 seja o re-s
ul-tado da in-te-gra-ção pela re-gra do tra-pé-zio es-ten-dida com  []
 []


Underfull \hbox (badness 10000) in paragraph at lines 3--4

 []

[27]) (./capitulos/capitulo2/secao5.tex
<capitulos/capitulo2/figuras/formula_newton_cotes1.pdf, id=180, 223.25879pt x 1
06.00775pt>
File: capitulos/capitulo2/figuras/formula_newton_cotes1.pdf Graphic file (type 
pdf)
 <use capitulos/capitulo2/figuras/formula_newton_cotes1.pdf>
<capitulos/capitulo2/figuras/formula_newton_cotes2.png, id=181, 224.037pt x 114
.026pt>
File: capitulos/capitulo2/figuras/formula_newton_cotes2.png Graphic file (type 
png)
 <use capitulos/capitulo2/figuras/formula_newton_cotes2.png> [28]
[29 <./capitulos/capitulo2/figuras/formula_newton_cotes1.pdf> <./capitulos/capi
tulo2/figuras/formula_newton_cotes2.png>]) (./capitulos/capitulo2/secao6.tex
[30] [31]
<capitulos/capitulo2/figuras/quadraturas_de_gauss1.png, id=209, 191.917pt x 79.
497pt>
File: capitulos/capitulo2/figuras/quadraturas_de_gauss1.png Graphic file (type 
png)
 <use capitulos/capitulo2/figuras/quadraturas_de_gauss1.png> [32]
[33 <./capitulos/capitulo2/figuras/quadraturas_de_gauss1.png>]
<capitulos/capitulo2/figuras/quadraturas_de_gauss2.png, id=217, 194.326pt x 61.
831pt>
File: capitulos/capitulo2/figuras/quadraturas_de_gauss2.png Graphic file (type 
png)
 <use capitulos/capitulo2/figuras/quadraturas_de_gauss2.png>
<capitulos/capitulo2/figuras/quadraturas_de_gauss3.png, id=218, 194.326pt x 61.
831pt>
File: capitulos/capitulo2/figuras/quadraturas_de_gauss3.png Graphic file (type 
png)
 <use capitulos/capitulo2/figuras/quadraturas_de_gauss3.png>
<capitulos/capitulo2/figuras/quadraturas_de_gauss4.png, id=219, 194.326pt x 61.
831pt>
File: capitulos/capitulo2/figuras/quadraturas_de_gauss4.png Graphic file (type 
png)
 <use capitulos/capitulo2/figuras/quadraturas_de_gauss4.png>
<capitulos/capitulo2/figuras/quadraturas_de_gauss5.png, id=220, 194.326pt x 61.
831pt>
File: capitulos/capitulo2/figuras/quadraturas_de_gauss5.png Graphic file (type 
png)
 <use capitulos/capitulo2/figuras/quadraturas_de_gauss5.png> [34 <./capitulos/c
apitulo2/figuras/quadraturas_de_gauss2.png> <./capitulos/capitulo2/figuras/quad
raturas_de_gauss3.png> <./capitulos/capitulo2/figuras/quadraturas_de_gauss4.png
>] [35 <./capitulos/capitulo2/figuras/quadraturas_de_gauss5.png>]
Overfull \hbox (6.89656pt too wide) in paragraph at lines 440--441
[]\T1/txr/m/it/12 como $\OML/txmi/m/it/12 x[] \OT1/txr/m/n/12 = \OML/txmi/m/it/
12 a$ \T1/txr/m/it/12 , te-re-mos: $\OML/txmi/m/it/12 x[] \OT1/txr/m/n/12 = [];
 \OML/txmi/m/it/12 x[] \OT1/txr/m/n/12 = \OMS/txsy/m/n/12 ^^@[]\OT1/txr/m/n/12 
; \OML/txmi/m/it/12 x[] \OT1/txr/m/n/12 = []; \OML/txmi/m/it/12 x[] \OT1/txr/m/
n/12 = \OMS/txsy/m/n/12 ^^@[]\OT1/txr/m/n/12 ;$ 
 []

[36]) (./capitulos/capitulo2/secao7.tex
<capitulos/capitulo2/figuras/roteiro_da_aula1.png, id=235, 204.765pt x 75.482pt
>
File: capitulos/capitulo2/figuras/roteiro_da_aula1.png Graphic file (type png)
 <use capitulos/capitulo2/figuras/roteiro_da_aula1.png> [37]
<capitulos/capitulo2/figuras/roteiro_da_aula2.png, id=239, 213.598pt x 200.75pt
>
File: capitulos/capitulo2/figuras/roteiro_da_aula2.png Graphic file (type png)
 <use capitulos/capitulo2/figuras/roteiro_da_aula2.png>
<capitulos/capitulo2/figuras/roteiro_da_aula3.png, id=240, 373.395pt x 80.3pt>
File: capitulos/capitulo2/figuras/roteiro_da_aula3.png Graphic file (type png)

<use capitulos/capitulo2/figuras/roteiro_da_aula3.png>
<capitulos/capitulo2/figuras/roteiro_da_aula4.png, id=241, 179.069pt x 138.919p
t>
File: capitulos/capitulo2/figuras/roteiro_da_aula4.png Graphic file (type png)
 <use capitulos/capitulo2/figuras/roteiro_da_aula4.png> [38 <./capitulos/capitu
lo2/figuras/roteiro_da_aula1.png> <./capitulos/capitulo2/figuras/roteiro_da_aul
a2.png>]
<capitulos/capitulo2/figuras/roteiro_da_aula5.png, id=247, 348.502pt x 86.724pt
>
File: capitulos/capitulo2/figuras/roteiro_da_aula5.png Graphic file (type png)
 <use capitulos/capitulo2/figuras/roteiro_da_aula5.png>
<capitulos/capitulo2/figuras/roteiro_da_aula6.png, id=248, 351.714pt x 113.223p
t>
File: capitulos/capitulo2/figuras/roteiro_da_aula6.png Graphic file (type png)
 <use capitulos/capitulo2/figuras/roteiro_da_aula6.png>)
(./capitulos/capitulo2/secao8.tex [39 <./capitulos/capitulo2/figuras/roteiro_da
_aula3.png> <./capitulos/capitulo2/figuras/roteiro_da_aula4.png> <./capitulos/c
apitulo2/figuras/roteiro_da_aula5.png>] [40 <./capitulos/capitulo2/figuras/rote
iro_da_aula6.png>]
<capitulos/capitulo2/figuras/int_func_lim_inf1.png, id=260, 150.161pt x 78.694p
t>
File: capitulos/capitulo2/figuras/int_func_lim_inf1.png Graphic file (type png)

 <use capitulos/capitulo2/figuras/int_func_lim_inf1.png>
<capitulos/capitulo2/figuras/int_func_lim_inf2.png, id=261, 273.02pt x 98.769pt
>
File: capitulos/capitulo2/figuras/int_func_lim_inf2.png Graphic file (type png)

 <use capitulos/capitulo2/figuras/int_func_lim_inf2.png> [41 <./capitulos/capit
ulo2/figuras/int_func_lim_inf1.png> <./capitulos/capitulo2/figuras/int_func_lim
_inf2.png>]
<capitulos/capitulo2/figuras/int_func_lim_inf3.png, id=267, 178.266pt x 83.512p
t>
File: capitulos/capitulo2/figuras/int_func_lim_inf3.png Graphic file (type png)

 <use capitulos/capitulo2/figuras/int_func_lim_inf3.png>
Underfull \hbox (badness 10000) in paragraph at lines 197--198

 []

[42 <./capitulos/capitulo2/figuras/int_func_lim_inf3.png>]
Underfull \hbox (badness 10000) in paragraph at lines 232--233

 []


Underfull \hbox (badness 10000) in paragraph at lines 234--235

 []


LaTeX Font Warning: Command \footnotesize invalid in math mode on input line 24
2.


Underfull \hbox (badness 10000) in paragraph at lines 259--260

 []

[43]) (./capitulos/capitulo2/secao9.tex
<capitulos/capitulo2/figuras/int_num_dom_bid1.png, id=275, 373.395pt x 110.814p
t>
File: capitulos/capitulo2/figuras/int_num_dom_bid1.png Graphic file (type png)
 <use capitulos/capitulo2/figuras/int_num_dom_bid1.png> [44 <./capitulos/capitu
lo2/figuras/int_num_dom_bid1.png>]
<capitulos/capitulo2/figuras/int_num_dom_bid2.png, id=280, 186.296pt x 157.388p
t>
File: capitulos/capitulo2/figuras/int_num_dom_bid2.png Graphic file (type png)
 <use capitulos/capitulo2/figuras/int_num_dom_bid2.png>)
(./capitulos/capitulo2/secao10.tex [45 <./capitulos/capitulo2/figuras/int_num_d
om_bid2.png>]

LaTeX Font Warning: Command \footnotesize invalid in math mode on input line 9.


)) (./capitulos/capitulo3/capitulo3.tex [46]
Cap\'{\i }tulo 3.
(./capitulos/capitulo3/secao1.tex
<capitulos/capitulo3/figuras/exp_taylor1.png, id=289, 312.367pt x 22.484pt>
File: capitulos/capitulo3/figuras/exp_taylor1.png Graphic file (type png)

<use capitulos/capitulo3/figuras/exp_taylor1.png> [47

 <./capitulos/capitulo3/figuras/exp_taylor1.png>] [48] [49]) (./capitulos/capit
ulo3/secao2.tex [50]
[51]) (./capitulos/capitulo3/secao3.tex
<capitulos/capitulo3/figuras/met_dif_pol_int_new1.png, id=306, 354.123pt x 84.3
15pt>
File: capitulos/capitulo3/figuras/met_dif_pol_int_new1.png Graphic file (type p
ng)
 <use capitulos/capitulo3/figuras/met_dif_pol_int_new1.png> [52 <./capitulos/ca
pitulo3/figuras/met_dif_pol_int_new1.png>] [53])
(./capitulos/capitulo3/secao4.tex [54]
Underfull \hbox (badness 10000) in paragraph at lines 42--43

 []


Underfull \hbox (badness 10000) in paragraph at lines 44--45

 []


<capitulos/capitulo3/figuras/aprox_der_par_dif_fin1.png, id=318, 233.673pt x 12
4.465pt>
File: capitulos/capitulo3/figuras/aprox_der_par_dif_fin1.png Graphic file (type
 png)
 <use capitulos/capitulo3/figuras/aprox_der_par_dif_fin1.png>
<capitulos/capitulo3/figuras/aprox_der_par_dif_fin2.png, id=319, 173.448pt x 10
1.178pt>
File: capitulos/capitulo3/figuras/aprox_der_par_dif_fin2.png Graphic file (type
 png)
 <use capitulos/capitulo3/figuras/aprox_der_par_dif_fin2.png> [55 <./capitulos/
capitulo3/figuras/aprox_der_par_dif_fin1.png>]))
(./capitulos/capitulo4/capitulo4.tex [56 <./capitulos/capitulo3/figuras/aprox_d
er_par_dif_fin2.png>]
Cap\'{\i }tulo 4.
(./capitulos/capitulo4/secao1.tex) (./capitulos/capitulo4/secao2.tex [57

]
[58]) (./capitulos/capitulo4/secao3.tex
Overfull \hbox (20.82971pt too wide) detected at line 19
[]
 []


<capitulos/capitulo4/figuras/prob_nao_resol1.png, id=335, 132.495pt x 77.088pt>
File: capitulos/capitulo4/figuras/prob_nao_resol1.png Graphic file (type png)
<use capitulos/capitulo4/figuras/prob_nao_resol1.png>
Overfull \hbox (4.82977pt too wide) detected at line 38
[]
 []


<capitulos/capitulo4/figuras/prob_nao_resol2.png, id=336, 135.707pt x 77.088pt>
File: capitulos/capitulo4/figuras/prob_nao_resol2.png Graphic file (type png)
<use capitulos/capitulo4/figuras/prob_nao_resol2.png>
Overfull \hbox (20.82971pt too wide) detected at line 58
[]
 []


<capitulos/capitulo4/figuras/prob_nao_resol3.png, id=337, 134.101pt x 91.542pt>
File: capitulos/capitulo4/figuras/prob_nao_resol3.png Graphic file (type png)
<use capitulos/capitulo4/figuras/prob_nao_resol3.png> [59])
(./capitulos/capitulo4/secao4.tex [60 <./capitulos/capitulo4/figuras/prob_nao_r
esol1.png> <./capitulos/capitulo4/figuras/prob_nao_resol2.png> <./capitulos/cap
itulo4/figuras/prob_nao_resol3.png>] [61]) (./capitulos/capitulo4/secao5.tex
[62]) (./capitulos/capitulo4/secao6.tex [63]
Underfull \hbox (badness 10000) in paragraph at lines 43--44

 []


Underfull \hbox (badness 10000) in paragraph at lines 45--46

 []


Underfull \hbox (badness 10000) in paragraph at lines 57--58

 []


Underfull \hbox (badness 10000) in paragraph at lines 71--72

 []

[64]) (./capitulos/capitulo4/secao7.tex [65]
<capitulos/capitulo4/figuras/prob_mal_cond1.png, id=364, 229.658pt x 105.996pt>
File: capitulos/capitulo4/figuras/prob_mal_cond1.png Graphic file (type png)
<use capitulos/capitulo4/figuras/prob_mal_cond1.png> [66 <./capitulos/capitulo4
/figuras/prob_mal_cond1.png>]) (./capitulos/capitulo4/secao8.tex
Underfull \hbox (badness 10000) in paragraph at lines 41--42

 []


<capitulos/capitulo4/figuras/sol_sist_equa_m_equa_n_incog1.png, id=369, 97.966p
t x 68.255pt>
File: capitulos/capitulo4/figuras/sol_sist_equa_m_equa_n_incog1.png Graphic fil
e (type png)

<use capitulos/capitulo4/figuras/sol_sist_equa_m_equa_n_incog1.png> [67]
[68 <./capitulos/capitulo4/figuras/sol_sist_equa_m_equa_n_incog1.png>]))
(./capitulos/capitulo5/capitulo5.tex [69]
Cap\'{\i }tulo 5.
(./capitulos/capitulo5/secao1.tex [70

]) (./capitulos/capitulo5/secao2.tex
[71]
<capitulos/capitulo5/figuras/met_inter1.png, id=388, 378.213pt x 70.664pt>
File: capitulos/capitulo5/figuras/met_inter1.png Graphic file (type png)

<use capitulos/capitulo5/figuras/met_inter1.png> [72]
Underfull \hbox (badness 10000) in paragraph at lines 149--150

 []


Underfull \hbox (badness 10000) in paragraph at lines 149--150

 []

<capitulos/capitulo5/figuras/met_inter2.png, id=392, 134.904pt x 133.298pt>
File: capitulos/capitulo5/figuras/met_inter2.png Graphic file (type png)

<use capitulos/capitulo5/figuras/met_inter2.png> [73 <./capitulos/capitulo5/fig
uras/met_inter1.png>]
Underfull \hbox (badness 10000) in paragraph at lines 208--209

 []

[74 <./capitulos/capitulo5/figuras/met_inter2.png>]
<capitulos/capitulo5/figuras/met_inter3.png, id=401, 321.2pt x 157.388pt>
File: capitulos/capitulo5/figuras/met_inter3.png Graphic file (type png)

<use capitulos/capitulo5/figuras/met_inter3.png> [75 <./capitulos/capitulo5/fig
uras/met_inter3.png>] [76] [77] [78]) (./capitulos/capitulo5/secao3.tex
[79] [80] [81]
Underfull \hbox (badness 10000) in paragraph at lines 260--261

 []

[82]
Underfull \hbox (badness 10000) in paragraph at lines 383--384

 []

[83]
Underfull \hbox (badness 10000) in paragraph at lines 420--421

 []


Underfull \hbox (badness 10000) in paragraph at lines 439--440

 []

[84]
Underfull \hbox (badness 10000) in paragraph at lines 489--490

 []


<capitulos/capitulo5/figuras/met_house_mat_sim1.png, id=436, 147.752pt x 76.285
pt>
File: capitulos/capitulo5/figuras/met_house_mat_sim1.png Graphic file (type png
)
 <use capitulos/capitulo5/figuras/met_house_mat_sim1.png>)
(./capitulos/capitulo5/secao4.tex [85 <./capitulos/capitulo5/figuras/met_house_
mat_sim1.png>]
Underfull \hbox (badness 10000) in paragraph at lines 46--47

 []


Underfull \hbox (badness 10000) in paragraph at lines 83--84

 []

[86]
Underfull \hbox (badness 10000) in paragraph at lines 169--170

 []

[87]) (./capitulos/capitulo5/secao5.tex [88] [89]
<capitulos/capitulo5/figuras/met_iter_qr1.png, id=454, 159.797pt x 85.921pt>
File: capitulos/capitulo5/figuras/met_iter_qr1.png Graphic file (type png)

<use capitulos/capitulo5/figuras/met_iter_qr1.png> [90 <./capitulos/capitulo5/f
iguras/met_iter_qr1.png>]
Underfull \hbox (badness 10000) in paragraph at lines 197--198

 []

[91])) (./capitulos/capitulo6/capitulo6.tex [92]
Cap\'{\i }tulo 6.
(./capitulos/capitulo6/secao1.tex
<capitulos/capitulo6/figuras/intro1.png, id=465, 125.268pt x 93.148pt>
File: capitulos/capitulo6/figuras/intro1.png Graphic file (type png)

<use capitulos/capitulo6/figuras/intro1.png> [93

 <./capitulos/capitulo6/figuras/intro1.png>]
<capitulos/capitulo6/figuras/intro2.png, id=470, 125.268pt x 93.148pt>
File: capitulos/capitulo6/figuras/intro2.png Graphic file (type png)

<use capitulos/capitulo6/figuras/intro2.png> [94 <./capitulos/capitulo6/figuras
/intro2.png>] [95] [96] [97]
Underfull \hbox (badness 10000) in paragraph at lines 364--365

 []

[98]
Underfull \hbox (badness 10000) in paragraph at lines 378--379

 []


Underfull \hbox (badness 10000) in paragraph at lines 390--391

 []


Overfull \hbox (3.40092pt too wide) in paragraph at lines 392--393
[]\T1/txr/m/n/12 OBS: Todo mé-todo de passo-múltiplo pre-cisa de um mé-todo de 
ini-ci-a-li-za-ção (passo-simples)
 []


Underfull \hbox (badness 10000) in paragraph at lines 392--393

 []


Underfull \hbox (badness 10000) in paragraph at lines 394--395

 []

) (./capitulos/capitulo6/secao2.tex [99]) (./capitulos/capitulo6/secao3.tex
[100]
<capitulos/capitulo6/figuras/met_runge_kutta1.png, id=495, 115.632pt x 65.043pt
>
File: capitulos/capitulo6/figuras/met_runge_kutta1.png Graphic file (type png)
 <use capitulos/capitulo6/figuras/met_runge_kutta1.png>
<capitulos/capitulo6/figuras/met_runge_kutta2.png, id=496, 115.632pt x 99.572pt
>
File: capitulos/capitulo6/figuras/met_runge_kutta2.png Graphic file (type png)
 <use capitulos/capitulo6/figuras/met_runge_kutta2.png> [101 <./capitulos/capit
ulo6/figuras/met_runge_kutta1.png> <./capitulos/capitulo6/figuras/met_runge_kut
ta2.png>]
<capitulos/capitulo6/figuras/met_runge_kutta3.png, id=503, 130.889pt x 92.345pt
>
File: capitulos/capitulo6/figuras/met_runge_kutta3.png Graphic file (type png)
 <use capitulos/capitulo6/figuras/met_runge_kutta3.png> [102] [103 <./capitulos
/capitulo6/figuras/met_runge_kutta3.png>]) (./capitulos/capitulo6/secao4.tex
<capitulos/capitulo6/figuras/met_pred_corretores1.png, id=511, 153.373pt x 88.3
3pt>
File: capitulos/capitulo6/figuras/met_pred_corretores1.png Graphic file (type p
ng)
 <use capitulos/capitulo6/figuras/met_pred_corretores1.png> [104 <./capitulos/c
apitulo6/figuras/met_pred_corretores1.png>]
Overfull \hbox (7.9336pt too wide) in alignment at lines 101--107
 [][][] []
 []

[105] [106] [107] [108]) (./capitulos/capitulo6/secao5.tex
Underfull \hbox (badness 10000) in paragraph at lines 17--18

 []


Underfull \hbox (badness 10000) in paragraph at lines 39--40

 []


<capitulos/capitulo6/figuras/equa_dif_ord_rig1.png, id=529, 158.994pt x 59.422p
t>
File: capitulos/capitulo6/figuras/equa_dif_ord_rig1.png Graphic file (type png)

 <use capitulos/capitulo6/figuras/equa_dif_ord_rig1.png> [109] [110 <./capitulo
s/capitulo6/figuras/equa_dif_ord_rig1.png>]
Underfull \hbox (badness 10000) in paragraph at lines 182--183

 []


<capitulos/capitulo6/figuras/equa_dif_ord_rig2.png, id=537, 210.386pt x 42.559p
t>
File: capitulos/capitulo6/figuras/equa_dif_ord_rig2.png Graphic file (type png)

 <use capitulos/capitulo6/figuras/equa_dif_ord_rig2.png> [111 <./capitulos/capi
tulo6/figuras/equa_dif_ord_rig2.png>] [112])
(./capitulos/capitulo6/secao6.tex [113]
<capitulos/capitulo6/figuras/cond_contorno1.png, id=549, 228.052pt x 14.454pt>
File: capitulos/capitulo6/figuras/cond_contorno1.png Graphic file (type png)

<use capitulos/capitulo6/figuras/cond_contorno1.png>))
(./capitulos/capitulo7/capitulo7.tex [114 <./capitulos/capitulo6/figuras/cond_c
ontorno1.png>]
Cap\'{\i }tulo 7.
(./capitulos/capitulo7/secao1.tex
<capitulos/capitulo7/figuras/prob_val_cont_barras_placas1.png, id=554, 376.607p
t x 99.572pt>
File: capitulos/capitulo7/figuras/prob_val_cont_barras_placas1.png Graphic file
 (type png)

<use capitulos/capitulo7/figuras/prob_val_cont_barras_placas1.png>
Underfull \hbox (badness 10000) in paragraph at lines 12--13

 []

[115

 <./capitulos/capitulo7/figuras/prob_val_cont_barras_placas1.png>])
(./capitulos/capitulo7/secao2.tex
Underfull \hbox (badness 10000) in paragraph at lines 46--47

 []


Underfull \hbox (badness 10000) in paragraph at lines 61--62

 []


Underfull \hbox (badness 10000) in paragraph at lines 67--68

 []


Underfull \hbox (badness 10000) in paragraph at lines 73--74

 []


<capitulos/capitulo7/figuras/algo_sol_sist_tri1.png, id=559, 117.238pt x 20.878
pt>
File: capitulos/capitulo7/figuras/algo_sol_sist_tri1.png Graphic file (type png
)
 <use capitulos/capitulo7/figuras/algo_sol_sist_tri1.png> [116 <./capitulos/cap
itulo7/figuras/algo_sol_sist_tri1.png>]
<capitulos/capitulo7/figuras/algo_sol_sist_tri2.png, id=564, 220.825pt x 32.12p
t>
File: capitulos/capitulo7/figuras/algo_sol_sist_tri2.png Graphic file (type png
)
 <use capitulos/capitulo7/figuras/algo_sol_sist_tri2.png>
<capitulos/capitulo7/figuras/algo_sol_sist_tri3.png, id=565, 220.825pt x 40.15p
t>
File: capitulos/capitulo7/figuras/algo_sol_sist_tri3.png Graphic file (type png
)
 <use capitulos/capitulo7/figuras/algo_sol_sist_tri3.png> [117 <./capitulos/cap
itulo7/figuras/algo_sol_sist_tri2.png>]
Overfull \hbox (20.14304pt too wide) detected at line 234
\OMS/txsy/m/n/12 ^^@\OT1/txr/m/n/12 2 [] + [][]  \OML/txmi/m/it/12 v \OT1/txr/m
/n/12 (\OML/txmi/m/it/12 x\OT1/txr/m/n/12 ) \OML/txmi/m/it/12 y \OT1/txr/m/n/12
 (\OML/txmi/m/it/12 x\OT1/txr/m/n/12 ) \OML/txmi/m/it/12 dx \OMS/txsy/m/n/12 ^^
@ [][]  \OML/txmi/m/it/12 v \OT1/txr/m/n/12 (\OML/txmi/m/it/12 x\OT1/txr/m/n/12
 ) \OML/txmi/m/it/12 e[] dx \OT1/txr/m/n/12 = 0\OML/txmi/m/it/12 ;  \OMS/txsy/m
/n/12 8 \OML/txmi/m/it/12 v \OT1/txr/m/n/12 (\OML/txmi/m/it/12 x\OT1/txr/m/n/12
 )
 []


Overfull \hbox (8.83496pt too wide) detected at line 263
[]
 []


<capitulos/capitulo7/figuras/algo_sol_sist_tri4.png, id=570, 121.253pt x 74.679
pt>
File: capitulos/capitulo7/figuras/algo_sol_sist_tri4.png Graphic file (type png
)
 <use capitulos/capitulo7/figuras/algo_sol_sist_tri4.png> [118 <./capitulos/cap
itulo7/figuras/algo_sol_sist_tri3.png>])) [119 <./capitulos/capitulo7/figuras/a
lgo_sol_sist_tri4.png>]
No file apostila.ind.
(./apostila.aux)

LaTeX Warning: There were multiply-defined labels.

 ) 
Here is how much of TeX's memory you used:
 4248 strings out of 495041
 66436 string characters out of 1181897
 114182 words of memory out of 3000000
 7102 multiletter control sequences out of 15000+50000
 103159 words of font info for 179 fonts, out of 3000000 for 9000
 30 hyphenation exceptions out of 8191
 25i,21n,24p,572b,440s stack positions out of 5000i,500n,10000p,200000b,50000s
{/usr/share/texmf-texlive/fonts/enc/dvips/base/8r.enc}</usr/share/texmf-texli
ve/fonts/type1/public/txfonts/rtxb.pfb></usr/share/texmf-texlive/fonts/type1/pu
blic/txfonts/rtxbi.pfb></usr/share/texmf-texlive/fonts/type1/public/txfonts/rtx
i.pfb></usr/share/texmf-texlive/fonts/type1/public/txfonts/rtxmi.pfb></usr/shar
e/texmf-texlive/fonts/type1/public/txfonts/rtxr.pfb></usr/share/texmf-texlive/f
onts/type1/public/txfonts/t1xtt.pfb></usr/share/texmf-texlive/fonts/type1/publi
c/txfonts/txex.pfb></usr/share/texmf-texlive/fonts/type1/public/txfonts/txexa.p
fb></usr/share/texmf-texlive/fonts/type1/public/txfonts/txmia.pfb></usr/share/t
exmf-texlive/fonts/type1/public/txfonts/txsy.pfb></usr/share/texmf-texlive/font
s/type1/public/txfonts/txsya.pfb></usr/share/texmf-texlive/fonts/type1/public/t
xfonts/txsyb.pfb></usr/share/texmf-texlive/fonts/type1/public/txfonts/txsyc.pfb
></usr/share/texmf-texlive/fonts/type1/urw/times/utmb8a.pfb></usr/share/texmf-t
exlive/fonts/type1/urw/times/utmbi8a.pfb></usr/share/texmf-texlive/fonts/type1/
urw/times/utmr8a.pfb></usr/share/texmf-texlive/fonts/type1/urw/times/utmri8a.pf
b>
Output written on apostila.pdf (122 pages, 956923 bytes).
PDF statistics:
 638 PDF objects out of 1000 (max. 8388607)
 0 named destinations out of 1000 (max. 500000)
 326 words of extra memory for PDF output out of 10000 (max. 10000000)

