\BOOKMARK [0][-]{chapter.1}{C\341lculo do Zeros de Fun\347\365es N\343o-Lineares}{}% 1
\BOOKMARK [1][-]{section.1.1}{Introducao}{chapter.1}% 2
\BOOKMARK [1][-]{section.1.2}{Metodo da Bissecao}{chapter.1}% 3
\BOOKMARK [1][-]{section.1.3}{M\351todos da Posi\347\343o Falsa e da Posi\347\343o Falsa Modificado}{chapter.1}% 4
\BOOKMARK [2][-]{subsection.1.3.1}{M\351todo da Posi\347\343o Falsa}{section.1.3}% 5
\BOOKMARK [2][-]{subsection.1.3.2}{M\351todo da Posi\347\343o Falsa Modificado}{section.1.3}% 6
\BOOKMARK [1][-]{section.1.4}{M\351todo de Newton}{chapter.1}% 7
\BOOKMARK [2][-]{subsection.1.4.1}{Caracter\355sticas}{section.1.4}% 8
\BOOKMARK [2][-]{subsection.1.4.2}{Descri\347\343o do M\351todo}{section.1.4}% 9
\BOOKMARK [1][-]{section.1.5}{M\351todo da Secante}{chapter.1}% 10
\BOOKMARK [2][-]{subsection.1.5.1}{Caracter\355sticas}{section.1.5}% 11
\BOOKMARK [2][-]{subsection.1.5.2}{Descri\347\343o}{section.1.5}% 12
\BOOKMARK [1][-]{section.1.6}{M\351todo das Substitui\347\365es Sucessivas \(Itera\347\343o de Ponto Fixo\)}{chapter.1}% 13
\BOOKMARK [2][-]{subsection.1.6.1}{Descri\347\343o}{section.1.6}% 14
\BOOKMARK [2][-]{subsection.1.6.2}{Caracter\355sticas}{section.1.6}% 15
\BOOKMARK [2][-]{subsection.1.6.3}{Notas}{section.1.6}% 16
\BOOKMARK [2][-]{subsection.1.6.4}{Forma sistem\341tica de encontrar f'\(x\)}{section.1.6}% 17
\BOOKMARK [1][-]{section.1.7}{M\351todo de Bairstow}{chapter.1}% 18
\BOOKMARK [2][-]{subsection.1.7.1}{Caracter\355sticas do m\351todo}{section.1.7}% 19
\BOOKMARK [2][-]{subsection.1.7.2}{Descri\347\343o}{section.1.7}% 20
\BOOKMARK [2][-]{subsection.1.7.3}{Notas}{section.1.7}% 21
